=== 2025 KBO Season AI Coach Batch Generator ===
Target: Limit=1000, Offset=0
Found 779 games to process.

Processing Game: 20250308LGKT0 (2025-03-08)
  [Requesting] Game: 20250308LGKT0, Team: KT...
    [Success] Analysis cached for KT
  [Requesting] Game: 20250308LGKT0, Team: LG...
    [Success] Analysis cached for LG

Processing Game: 20250308WONC0 (2025-03-08)
  [Requesting] Game: 20250308WONC0, Team: NC...
    [Success] Analysis cached for NC
  [Requesting] Game: 20250308WONC0, Team: WO...
    [Success] Analysis cached for WO

Processing Game: 20250308SKSS0 (2025-03-08)
  [Requesting] Game: 20250308SKSS0, Team: SS...
    [Success] Analysis cached for SS
  [Requesting] Game: 20250308SKSS0, Team: SSG...
    [Success] Analysis cached for SSG

Processing Game: 20250308HTLT0 (2025-03-08)
  [Requesting] Game: 20250308HTLT0, Team: LT...
    [Success] Analysis cached for LT
  [Requesting] Game: 20250308HTLT0, Team: HT...
    [Success] Analysis cached for HT

Processing Game: 20250308OBHH0 (2025-03-08)
  [Requesting] Game: 20250308OBHH0, Team: HH...
    [Success] Analysis cached for HH
  [Requesting] Game: 20250308OBHH0, Team: OB...
    [Success] Analysis cached for OB

Processing Game: 20250309LGKT0 (2025-03-09)
  [Requesting] Game: 20250309LGKT0, Team: KT...
    [Success] Analysis cached for KT
  [Requesting] Game: 20250309LGKT0, Team: LG...
    [Success] Analysis cached for LG

Processing Game: 20250309HTLT0 (2025-03-09)
  [Requesting] Game: 20250309HTLT0, Team: LT...
    [Success] Analysis cached for LT
  [Requesting] Game: 20250309HTLT0, Team: HT...
    [Success] Analysis cached for HT

Processing Game: 20250309SKSS0 (2025-03-09)
  [Requesting] Game: 20250309SKSS0, Team: SS...
    [Success] Analysis cached for SS
  [Requesting] Game: 20250309SKSS0, Team: SSG...
    [Success] Analysis cached for SSG

Processing Game: 20250309OBHH0 (2025-03-09)
  [Requesting] Game: 20250309OBHH0, Team: HH...
    [Success] Analysis cached for HH
  [Requesting] Game: 20250309OBHH0, Team: OB...
    [Success] Analysis cached for OB

Processing Game: 20250309WONC0 (2025-03-09)
  [Requesting] Game: 20250309WONC0, Team: NC...
    [Success] Analysis cached for NC
  [Requesting] Game: 20250309WONC0, Team: WO...
    [Success] Analysis cached for WO

Processing Game: 20250310HTNC0 (2025-03-10)
  [Requesting] Game: 20250310HTNC0, Team: NC...
    [Success] Analysis cached for NC
  [Requesting] Game: 20250310HTNC0, Team: HT...
    [Success] Analysis cached for HT

Processing Game: 20250310WOKT0 (2025-03-10)
  [Requesting] Game: 20250310WOKT0, Team: KT...
    [Success] Analysis cached for KT
  [Requesting] Game: 20250310WOKT0, Team: WO...
    [Success] Analysis cached for WO

Processing Game: 20250310OBSS0 (2025-03-10)
  [Requesting] Game: 20250310OBSS0, Team: SS...
    [Success] Analysis cached for SS
  [Requesting] Game: 20250310OBSS0, Team: OB...
    [Success] Analysis cached for OB

Processing Game: 20250310LGLT0 (2025-03-10)
  [Requesting] Game: 20250310LGLT0, Team: LT...
    [Success] Analysis cached for LT
  [Requesting] Game: 20250310LGLT0, Team: LG...
    [Success] Analysis cached for LG

Processing Game: 20250310HHSK0 (2025-03-10)
  [Requesting] Game: 20250310HHSK0, Team: SSG...
    [Success] Analysis cached for SSG
  [Requesting] Game: 20250310HHSK0, Team: HH...
    [Success] Analysis cached for HH

Processing Game: 20250311WOKT0 (2025-03-11)
  [Requesting] Game: 20250311WOKT0, Team: KT...
    [Success] Analysis cached for KT
  [Requesting] Game: 20250311WOKT0, Team: WO...
    [Success] Analysis cached for WO

Processing Game: 20250311HHSK0 (2025-03-11)
  [Requesting] Game: 20250311HHSK0, Team: SSG...
    [Success] Analysis cached for SSG
  [Requesting] Game: 20250311HHSK0, Team: HH...
    [Success] Analysis cached for HH

Processing Game: 20250311HTNC0 (2025-03-11)
  [Requesting] Game: 20250311HTNC0, Team: NC...
    [Success] Analysis cached for NC
  [Requesting] Game: 20250311HTNC0, Team: HT...
    [Success] Analysis cached for HT

Processing Game: 20250311LGLT0 (2025-03-11)
  [Requesting] Game: 20250311LGLT0, Team: LT...
    [Success] Analysis cached for LT
  [Requesting] Game: 20250311LGLT0, Team: LG...
    [Success] Analysis cached for LG

Processing Game: 20250311OBSS0 (2025-03-11)
  [Requesting] Game: 20250311OBSS0, Team: SS...
    [Success] Analysis cached for SS
  [Requesting] Game: 20250311OBSS0, Team: OB...
    [Success] Analysis cached for OB

Processing Game: 20250313KTNC0 (2025-03-13)
  [Requesting] Game: 20250313KTNC0, Team: NC...
    [Success] Analysis cached for NC
  [Requesting] Game: 20250313KTNC0, Team: KT...
    [Success] Analysis cached for KT

Processing Game: 20250313LGSS0 (2025-03-13)
  [Requesting] Game: 20250313LGSS0, Team: SS...
    [Success] Analysis cached for SS
  [Requesting] Game: 20250313LGSS0, Team: LG...
    [Success] Analysis cached for LG

Processing Game: 20250313WOSK0 (2025-03-13)
  [Requesting] Game: 20250313WOSK0, Team: SSG...
    [Success] Analysis cached for SSG
  [Requesting] Game: 20250313WOSK0, Team: WO...
    [Success] Analysis cached for WO

Processing Game: 20250313HHLT0 (2025-03-13)
  [Requesting] Game: 20250313HHLT0, Team: LT...
    [Success] Analysis cached for LT
  [Requesting] Game: 20250313HHLT0, Team: HH...
    [Success] Analysis cached for HH

Processing Game: 20250313HTOB0 (2025-03-13)
  [Requesting] Game: 20250313HTOB0, Team: OB...
    [Success] Analysis cached for OB
  [Requesting] Game: 20250313HTOB0, Team: HT...
    [Success] Analysis cached for HT

Processing Game: 20250314LGSS0 (2025-03-14)
  [Requesting] Game: 20250314LGSS0, Team: SS...
    [Success] Analysis cached for SS
  [Requesting] Game: 20250314LGSS0, Team: LG...
    [Success] Analysis cached for LG

Processing Game: 20250314HHLT0 (2025-03-14)
  [Requesting] Game: 20250314HHLT0, Team: LT...
    [Success] Analysis cached for LT
  [Requesting] Game: 20250314HHLT0, Team: HH...
    [Success] Analysis cached for HH

Processing Game: 20250314HTOB0 (2025-03-14)
  [Requesting] Game: 20250314HTOB0, Team: OB...
    [Success] Analysis cached for OB
  [Requesting] Game: 20250314HTOB0, Team: HT...
    [Success] Analysis cached for HT

Processing Game: 20250314KTNC0 (2025-03-14)
  [Requesting] Game: 20250314KTNC0, Team: NC...
    [Success] Analysis cached for NC
  [Requesting] Game: 20250314KTNC0, Team: KT...
    [Success] Analysis cached for KT

Processing Game: 20250314WOSK0 (2025-03-14)
  [Requesting] Game: 20250314WOSK0, Team: SSG...
    [Success] Analysis cached for SSG
  [Requesting] Game: 20250314WOSK0, Team: WO...
    [Success] Analysis cached for WO

Processing Game: 20250315OBWO0 (2025-03-15)
  [Requesting] Game: 20250315OBWO0, Team: WO...
    [Success] Analysis cached for WO
  [Requesting] Game: 20250315OBWO0, Team: OB...
    [Success] Analysis cached for OB

Processing Game: 20250315LGSK0 (2025-03-15)
  [Requesting] Game: 20250315LGSK0, Team: SSG...
    [Success] Analysis cached for SSG
  [Requesting] Game: 20250315LGSK0, Team: LG...
    [Success] Analysis cached for LG

Processing Game: 20250315SSHT0 (2025-03-15)
  [Requesting] Game: 20250315SSHT0, Team: HT...
    [Success] Analysis cached for HT
  [Requesting] Game: 20250315SSHT0, Team: SS...
    [Success] Analysis cached for SS

Processing Game: 20250316OBWO0 (2025-03-16)
  [Requesting] Game: 20250316OBWO0, Team: WO...
    [Success] Analysis cached for WO
  [Requesting] Game: 20250316OBWO0, Team: OB...
    [Success] Analysis cached for OB

Processing Game: 20250316HHNC0 (2025-03-16)
  [Requesting] Game: 20250316HHNC0, Team: NC...
    [Success] Analysis cached for NC
  [Requesting] Game: 20250316HHNC0, Team: HH...
    [Success] Analysis cached for HH

Processing Game: 20250316LGSK0 (2025-03-16)
  [Requesting] Game: 20250316LGSK0, Team: SSG...
    [Success] Analysis cached for SSG
  [Requesting] Game: 20250316LGSK0, Team: LG...
    [Success] Analysis cached for LG

Processing Game: 20250316SSHT0 (2025-03-16)
  [Requesting] Game: 20250316SSHT0, Team: HT...
    [Success] Analysis cached for HT
  [Requesting] Game: 20250316SSHT0, Team: SS...
    [Success] Analysis cached for SS

Processing Game: 20250317LTWO0 (2025-03-17)
  [Requesting] Game: 20250317LTWO0, Team: WO...
    [Success] Analysis cached for WO
  [Requesting] Game: 20250317LTWO0, Team: LT...
    [Success] Analysis cached for LT

Processing Game: 20250317NCLG0 (2025-03-17)
  [Requesting] Game: 20250317NCLG0, Team: LG...
    [Success] Analysis cached for LG
  [Requesting] Game: 20250317NCLG0, Team: NC...
    [Success] Analysis cached for NC

Processing Game: 20250317OBKT0 (2025-03-17)
  [Requesting] Game: 20250317OBKT0, Team: KT...
    [Success] Analysis cached for KT
  [Requesting] Game: 20250317OBKT0, Team: OB...
    [Success] Analysis cached for OB

Processing Game: 20250317SSHH0 (2025-03-17)
  [Requesting] Game: 20250317SSHH0, Team: HH...
    [Success] Analysis cached for HH
  [Requesting] Game: 20250317SSHH0, Team: SS...
    [Success] Analysis cached for SS

Processing Game: 20250318LTWO0 (2025-03-18)
  [Requesting] Game: 20250318LTWO0, Team: WO...
    [Success] Analysis cached for WO
  [Requesting] Game: 20250318LTWO0, Team: LT...
    [Success] Analysis cached for LT

Processing Game: 20250322HHKT0 (2025-03-22)
  [Requesting] Game: 20250322HHKT0, Team: KT...
    [Success] Analysis cached for KT
  [Requesting] Game: 20250322HHKT0, Team: HH...
    [Success] Analysis cached for HH

Processing Game: 20250322LTLG0 (2025-03-22)
  [Requesting] Game: 20250322LTLG0, Team: LG...
    [Success] Analysis cached for LG
  [Requesting] Game: 20250322LTLG0, Team: LT...
    [Success] Analysis cached for LT

Processing Game: 20250322WOSS0 (2025-03-22)
  [Requesting] Game: 20250322WOSS0, Team: SS...
    [Success] Analysis cached for SS
  [Requesting] Game: 20250322WOSS0, Team: WO...
    [Success] Analysis cached for WO

Processing Game: 20250322OBSK0 (2025-03-22)
  [Requesting] Game: 20250322OBSK0, Team: SSG...
    [Success] Analysis cached for SSG
  [Requesting] Game: 20250322OBSK0, Team: OB...
    [Success] Analysis cached for OB

Processing Game: 20250322NCHT0 (2025-03-22)
  [Requesting] Game: 20250322NCHT0, Team: HT...
    [Success] Analysis cached for HT
  [Requesting] Game: 20250322NCHT0, Team: NC...
    [Success] Analysis cached for NC

Processing Game: 20250323WOSS0 (2025-03-23)
  [Requesting] Game: 20250323WOSS0, Team: SS...
    [Success] Analysis cached for SS
  [Requesting] Game: 20250323WOSS0, Team: WO...
    [Success] Analysis cached for WO

Processing Game: 20250323HHKT0 (2025-03-23)
  [Requesting] Game: 20250323HHKT0, Team: KT...
    [Success] Analysis cached for KT
  [Requesting] Game: 20250323HHKT0, Team: HH...
    [Success] Analysis cached for HH

Processing Game: 20250323LTLG0 (2025-03-23)
  [Requesting] Game: 20250323LTLG0, Team: LG...
    [Success] Analysis cached for LG
  [Requesting] Game: 20250323LTLG0, Team: LT...
    [Success] Analysis cached for LT

Processing Game: 20250323OBSK0 (2025-03-23)
  [Requesting] Game: 20250323OBSK0, Team: SSG...
    [Success] Analysis cached for SSG
  [Requesting] Game: 20250323OBSK0, Team: OB...
    [Success] Analysis cached for OB

Processing Game: 20250323NCHT0 (2025-03-23)
  [Requesting] Game: 20250323NCHT0, Team: HT...
    [Success] Analysis cached for HT
  [Requesting] Game: 20250323NCHT0, Team: NC...
    [Success] Analysis cached for NC

Processing Game: 20250325NCSS0 (2025-03-25)
  [Requesting] Game: 20250325NCSS0, Team: SS...
    [Success] Analysis cached for SS
  [Requesting] Game: 20250325NCSS0, Team: NC...
    [Success] Analysis cached for NC

Processing Game: 20250325HHLG0 (2025-03-25)
  [Requesting] Game: 20250325HHLG0, Team: LG...
    [Success] Analysis cached for LG
  [Requesting] Game: 20250325HHLG0, Team: HH...
    [Success] Analysis cached for HH

Processing Game: 20250325WOHT0 (2025-03-25)
  [Requesting] Game: 20250325WOHT0, Team: HT...
    [Success] Analysis cached for HT
  [Requesting] Game: 20250325WOHT0, Team: WO...
    [Success] Analysis cached for WO

Processing Game: 20250325LTSK0 (2025-03-25)
  [Requesting] Game: 20250325LTSK0, Team: SSG...
    [Success] Analysis cached for SSG
  [Requesting] Game: 20250325LTSK0, Team: LT...
    [Success] Analysis cached for LT

Processing Game: 20250325OBKT0 (2025-03-25)
  [Requesting] Game: 20250325OBKT0, Team: KT...
    [Success] Analysis cached for KT
  [Requesting] Game: 20250325OBKT0, Team: OB...
    [Success] Analysis cached for OB

Processing Game: 20250326WOHT0 (2025-03-26)
  [Requesting] Game: 20250326WOHT0, Team: HT...
    [Success] Analysis cached for HT
  [Requesting] Game: 20250326WOHT0, Team: WO...
    [Success] Analysis cached for WO

Processing Game: 20250326OBKT0 (2025-03-26)
  [Requesting] Game: 20250326OBKT0, Team: KT...
    [Success] Analysis cached for KT
  [Requesting] Game: 20250326OBKT0, Team: OB...
    [Success] Analysis cached for OB

Processing Game: 20250326NCSS0 (2025-03-26)
  [Requesting] Game: 20250326NCSS0, Team: SS...
    [Success] Analysis cached for SS
  [Requesting] Game: 20250326NCSS0, Team: NC...
    [Success] Analysis cached for NC

Processing Game: 20250326LTSK0 (2025-03-26)
  [Requesting] Game: 20250326LTSK0, Team: SSG...
    [Success] Analysis cached for SSG
  [Requesting] Game: 20250326LTSK0, Team: LT...
    [Success] Analysis cached for LT

Processing Game: 20250326HHLG0 (2025-03-26)
  [Requesting] Game: 20250326HHLG0, Team: LG...
    [Success] Analysis cached for LG
  [Requesting] Game: 20250326HHLG0, Team: HH...
    [Success] Analysis cached for HH

Processing Game: 20250327OBKT0 (2025-03-27)
  [Requesting] Game: 20250327OBKT0, Team: KT...
    [Success] Analysis cached for KT
  [Requesting] Game: 20250327OBKT0, Team: OB...
    [Success] Analysis cached for OB

Processing Game: 20250327WOHT0 (2025-03-27)
  [Requesting] Game: 20250327WOHT0, Team: HT...
    [Success] Analysis cached for HT
  [Requesting] Game: 20250327WOHT0, Team: WO...
    [Success] Analysis cached for WO

Processing Game: 20250327NCSS0 (2025-03-27)
  [Requesting] Game: 20250327NCSS0, Team: SS...
    [Success] Analysis cached for SS
  [Requesting] Game: 20250327NCSS0, Team: NC...
    [Success] Analysis cached for NC

Processing Game: 20250327LTSK0 (2025-03-27)
  [Requesting] Game: 20250327LTSK0, Team: SSG...
    [Success] Analysis cached for SSG
  [Requesting] Game: 20250327LTSK0, Team: LT...
    [Success] Analysis cached for LT

Processing Game: 20250327HHLG0 (2025-03-27)
  [Requesting] Game: 20250327HHLG0, Team: LG...
    [Success] Analysis cached for LG
  [Requesting] Game: 20250327HHLG0, Team: HH...
    [Success] Analysis cached for HH

Processing Game: 20250328SKWO0 (2025-03-28)
  [Requesting] Game: 20250328SKWO0, Team: WO...
    [Success] Analysis cached for WO
  [Requesting] Game: 20250328SKWO0, Team: SSG...
    [Success] Analysis cached for SSG

Processing Game: 20250328LGNC0 (2025-03-28)
  [Requesting] Game: 20250328LGNC0, Team: NC...
    [Success] Analysis cached for NC
  [Requesting] Game: 20250328LGNC0, Team: LG...
    [Success] Analysis cached for LG

Processing Game: 20250328SSOB0 (2025-03-28)
  [Requesting] Game: 20250328SSOB0, Team: OB...
    [Success] Analysis cached for OB
  [Requesting] Game: 20250328SSOB0, Team: SS...
    [Success] Analysis cached for SS

Processing Game: 20250328HTHH0 (2025-03-28)
  [Requesting] Game: 20250328HTHH0, Team: HH...
    [Success] Analysis cached for HH
  [Requesting] Game: 20250328HTHH0, Team: HT...
    [Success] Analysis cached for HT

Processing Game: 20250328KTLT0 (2025-03-28)
  [Requesting] Game: 20250328KTLT0, Team: LT...
    [Success] Analysis cached for LT
  [Requesting] Game: 20250328KTLT0, Team: KT...
    [Success] Analysis cached for KT

Processing Game: 20250329KTLT0 (2025-03-29)
  [Requesting] Game: 20250329KTLT0, Team: LT...
    [Success] Analysis cached for LT
  [Requesting] Game: 20250329KTLT0, Team: KT...
    [Success] Analysis cached for KT

Processing Game: 20250329LGNC0 (2025-03-29)
  [Requesting] Game: 20250329LGNC0, Team: NC...
    [Success] Analysis cached for NC
  [Requesting] Game: 20250329LGNC0, Team: LG...
    [Success] Analysis cached for LG

Processing Game: 20250329SSOB0 (2025-03-29)
  [Requesting] Game: 20250329SSOB0, Team: OB...
    [Success] Analysis cached for OB
  [Requesting] Game: 20250329SSOB0, Team: SS...
    [Success] Analysis cached for SS

Processing Game: 20250329SKWO0 (2025-03-29)
  [Requesting] Game: 20250329SKWO0, Team: WO...
    [Success] Analysis cached for WO
  [Requesting] Game: 20250329SKWO0, Team: SSG...
    [Success] Analysis cached for SSG

Processing Game: 20250329HTHH0 (2025-03-29)
  [Requesting] Game: 20250329HTHH0, Team: HH...
    [Success] Analysis cached for HH
  [Requesting] Game: 20250329HTHH0, Team: HT...
    [Success] Analysis cached for HT

Processing Game: 20250330KTLT0 (2025-03-30)
  [Requesting] Game: 20250330KTLT0, Team: LT...
    [Success] Analysis cached for LT
  [Requesting] Game: 20250330KTLT0, Team: KT...
    [Success] Analysis cached for KT

Processing Game: 20250330SKWO0 (2025-03-30)
  [Requesting] Game: 20250330SKWO0, Team: WO...
    [Success] Analysis cached for WO
  [Requesting] Game: 20250330SKWO0, Team: SSG...
    [Success] Analysis cached for SSG

Processing Game: 20250330HTHH0 (2025-03-30)
  [Requesting] Game: 20250330HTHH0, Team: HH...
    [Success] Analysis cached for HH
  [Requesting] Game: 20250330HTHH0, Team: HT...
    [Success] Analysis cached for HT

Processing Game: 20250330SSOB0 (2025-03-30)
  [Requesting] Game: 20250330SSOB0, Team: OB...
    [Success] Analysis cached for OB
  [Requesting] Game: 20250330SSOB0, Team: SS...
    [Success] Analysis cached for SS

Processing Game: 20250402LTHH0 (2025-04-02)
  [Requesting] Game: 20250402LTHH0, Team: HH...
    [Success] Analysis cached for HH
  [Requesting] Game: 20250402LTHH0, Team: LT...
    [Success] Analysis cached for LT

Processing Game: 20250402LGKT0 (2025-04-02)
  [Requesting] Game: 20250402LGKT0, Team: KT...
    [Success] Analysis cached for KT
  [Requesting] Game: 20250402LGKT0, Team: LG...
    [Success] Analysis cached for LG

Processing Game: 20250402SSHT0 (2025-04-02)
  [Requesting] Game: 20250402SSHT0, Team: HT...
    [Success] Analysis cached for HT
  [Requesting] Game: 20250402SSHT0, Team: SS...
    [Success] Analysis cached for SS

Processing Game: 20250402WOOB0 (2025-04-02)
  [Requesting] Game: 20250402WOOB0, Team: OB...
    [Success] Analysis cached for OB
  [Requesting] Game: 20250402WOOB0, Team: WO...
    [Success] Analysis cached for WO

Processing Game: 20250403WOOB0 (2025-04-03)
  [Requesting] Game: 20250403WOOB0, Team: OB...
    [Success] Analysis cached for OB
  [Requesting] Game: 20250403WOOB0, Team: WO...
    [Success] Analysis cached for WO

Processing Game: 20250403LGKT0 (2025-04-03)
  [Requesting] Game: 20250403LGKT0, Team: KT...
    [Success] Analysis cached for KT
  [Requesting] Game: 20250403LGKT0, Team: LG...
    [Success] Analysis cached for LG

Processing Game: 20250403LTHH0 (2025-04-03)
  [Requesting] Game: 20250403LTHH0, Team: HH...
    [Success] Analysis cached for HH
  [Requesting] Game: 20250403LTHH0, Team: LT...
    [Success] Analysis cached for LT

Processing Game: 20250403SSHT0 (2025-04-03)
  [Requesting] Game: 20250403SSHT0, Team: HT...
    [Success] Analysis cached for HT
  [Requesting] Game: 20250403SSHT0, Team: SS...
    [Success] Analysis cached for SS

Processing Game: 20250404NCWO0 (2025-04-04)
  [Requesting] Game: 20250404NCWO0, Team: WO...
    [Success] Analysis cached for WO
  [Requesting] Game: 20250404NCWO0, Team: NC...
    [Success] Analysis cached for NC

Processing Game: 20250404KTSK0 (2025-04-04)
  [Requesting] Game: 20250404KTSK0, Team: SSG...
    [Success] Analysis cached for SSG
  [Requesting] Game: 20250404KTSK0, Team: KT...
    [Success] Analysis cached for KT

Processing Game: 20250404OBLT0 (2025-04-04)
  [Requesting] Game: 20250404OBLT0, Team: LT...
    [Success] Analysis cached for LT
  [Requesting] Game: 20250404OBLT0, Team: OB...
